Watching for file changes with StatReloader
Not Found: /
"GET / HTTP/1.1" 404 2635
Not Found: /favicon.ico
"GET /favicon.ico HTTP/1.1" 404 2686
C:\Users\HP\Desktop\copy LORD'S HEART EDUCATIONAL COMPLEX - Copy\school_management\settings.py changed, reloading.
Watching for file changes with StatReloader
C:\Users\HP\Desktop\copy LORD'S HEART EDUCATIONAL COMPLEX - Copy\school_management\settings.py changed, reloading.
Watching for file changes with StatReloader
C:\Users\HP\Desktop\copy LORD'S HEART EDUCATIONAL COMPLEX - Copy\school_management\settings.py changed, reloading.
Watching for file changes with StatReloader
Watching for file changes with StatReloader
Not Found: /
"GET / HTTP/1.1" 404 179
Watching for file changes with StatReloader
Not Found: /
"GET / HTTP/1.1" 404 2635
"OPTIONS /api/contact/ HTTP/1.1" 200 0
Bad Request: /api/contact/
"POST /api/contact/ HTTP/1.1" 400 60
Bad Request: /api/contact/
"POST /api/contact/ HTTP/1.1" 400 60
"OPTIONS /api/admissions/ HTTP/1.1" 200 0
Bad Request: /api/admissions/
"POST /api/admissions/ HTTP/1.1" 400 537
C:\Users\HP\Desktop\copy LORD'S HEART EDUCATIONAL COMPLEX - Copy\school_management\urls.py changed, reloading.
Watching for file changes with StatReloader
C:\Users\HP\Desktop\copy LORD'S HEART EDUCATIONAL COMPLEX - Copy\school_management\settings.py changed, reloading.
Watching for file changes with StatReloader
C:\Users\HP\Desktop\copy LORD'S HEART EDUCATIONAL COMPLEX - Copy\school_management\views.py changed, reloading.
Watching for file changes with StatReloader
C:\Users\HP\Desktop\copy LORD'S HEART EDUCATIONAL COMPLEX - Copy\school_management\urls.py changed, reloading.
Watching for file changes with StatReloader
C:\Users\HP\Desktop\copy LORD'S HEART EDUCATIONAL COMPLEX - Copy\school_management\settings.py changed, reloading.
Watching for file changes with StatReloader
Watching for file changes with StatReloader
"GET / HTTP/1.1" 200 4259
Not Found: /styles.css
Not Found: /images/WhatsApp Image 2025-07-01 at 17.12.54_61720a4d.jpg
"GET /styles.css HTTP/1.1" 404 2944
"GET /images/WhatsApp%20Image%202025-07-01%20at%2017.12.54_61720a4d.jpg HTTP/1.1" 404 3093
Not Found: /images/IMG-20250819-WA0029.jpg
Not Found: /images/IMG-20250819-WA0028.jpg
Not Found: /images/IMG-20250819-WA0027.jpg
"GET /images/IMG-20250819-WA0028.jpg HTTP/1.1" 404 3004
Not Found: /images/IMG-20250819-WA0031.jpg
"GET /images/IMG-20250819-WA0031.jpg HTTP/1.1" 404 3004
"GET /images/IMG-20250819-WA0027.jpg HTTP/1.1" 404 3004
Not Found: /images/IMG-20250819-WA0030.jpg
Not Found: /main.js
"GET /images/IMG-20250819-WA0029.jpg HTTP/1.1" 404 3004
"GET /images/IMG-20250819-WA0030.jpg HTTP/1.1" 404 3004
"GET /main.js HTTP/1.1" 404 2935
Not Found: /admissions.html
"GET /admissions.html HTTP/1.1" 404 14
Not Found: /contact.html
"GET /contact.html HTTP/1.1" 404 14
Not Found: /contact.html
"GET /contact.html HTTP/1.1" 404 14
"GET /admin/ HTTP/1.1" 302 0
"GET /admin/login/?next=/admin/ HTTP/1.1" 200 4181
"GET /static/admin/css/base.css HTTP/1.1" 200 21207
"GET /static/admin/js/nav_sidebar.js HTTP/1.1" 200 3063
"GET /static/admin/css/responsive.css HTTP/1.1" 200 18533
"GET /static/admin/css/nav_sidebar.css HTTP/1.1" 200 2694
"GET /static/admin/css/dark_mode.css HTTP/1.1" 200 2929
"GET /static/admin/js/theme.js HTTP/1.1" 200 1943
"GET /static/admin/css/login.css HTTP/1.1" 200 958
"POST /admin/login/?next=/admin/ HTTP/1.1" 200 4351
Not Found: /contact.html
"GET /contact.html HTTP/1.1" 404 14
"GET /admin/login/?next=/admin/ HTTP/1.1" 200 4181
Watching for file changes with StatReloader
"GET / HTTP/1.1" 200 4259
Not Found: /styles.css
Not Found: /images/IMG-20250819-WA0027.jpg
"GET /styles.css HTTP/1.1" 404 2944
"GET /images/IMG-20250819-WA0027.jpg HTTP/1.1" 404 3004
Not Found: /images/WhatsApp Image 2025-07-01 at 17.12.54_61720a4d.jpg
"GET /images/WhatsApp%20Image%202025-07-01%20at%2017.12.54_61720a4d.jpg HTTP/1.1" 404 3093
Not Found: /main.js
Not Found: /images/IMG-20250819-WA0028.jpg
Not Found: /images/IMG-20250819-WA0029.jpg
"GET /main.js HTTP/1.1" 404 2935
"GET /images/IMG-20250819-WA0028.jpg HTTP/1.1" 404 3004
"GET /images/IMG-20250819-WA0029.jpg HTTP/1.1" 404 3004
Not Found: /images/IMG-20250819-WA0030.jpg
Not Found: /images/IMG-20250819-WA0031.jpg
"GET /images/IMG-20250819-WA0030.jpg HTTP/1.1" 404 3004
"GET /images/IMG-20250819-WA0031.jpg HTTP/1.1" 404 3004
Not Found: /admissions.html
"GET /admissions.html HTTP/1.1" 404 14
C:\Users\HP\Desktop\copy LORD'S HEART EDUCATIONAL COMPLEX - Copy\school_management\views.py changed, reloading.
Watching for file changes with StatReloader
C:\Users\HP\Desktop\copy LORD'S HEART EDUCATIONAL COMPLEX - Copy\school_management\urls.py changed, reloading.
Watching for file changes with StatReloader
Watching for file changes with StatReloader
"GET / HTTP/1.1" 200 4259
Not Found: /images/WhatsApp Image 2025-07-01 at 17.12.54_61720a4d.jpg
Not Found: /styles.css
Not Found: /images/IMG-20250819-WA0027.jpg
"GET /images/WhatsApp%20Image%202025-07-01%20at%2017.12.54_61720a4d.jpg HTTP/1.1" 404 3093
"GET /styles.css HTTP/1.1" 404 2944
"GET /images/IMG-20250819-WA0027.jpg HTTP/1.1" 404 3004
Not Found: /images/IMG-20250819-WA0029.jpg
Not Found: /main.js
Not Found: /images/IMG-20250819-WA0028.jpg
"GET /images/IMG-20250819-WA0029.jpg HTTP/1.1" 404 3004
"GET /main.js HTTP/1.1" 404 2935
"GET /images/IMG-20250819-WA0028.jpg HTTP/1.1" 404 3004
Not Found: /images/IMG-20250819-WA0031.jpg
Not Found: /images/IMG-20250819-WA0030.jpg
"GET /images/IMG-20250819-WA0031.jpg HTTP/1.1" 404 3004
"GET /images/IMG-20250819-WA0030.jpg HTTP/1.1" 404 3004
"GET /admissions.html HTTP/1.1" 200 5864
Not Found: /styles.css
"GET /styles.css HTTP/1.1" 404 2944
Not Found: /main.js
Not Found: /api.js
"GET /main.js HTTP/1.1" 404 2935
"GET /api.js HTTP/1.1" 404 2932
"GET /contact.html HTTP/1.1" 200 3444
Not Found: /api.js
Not Found: /styles.css
Not Found: /main.js
"GET /api.js HTTP/1.1" 404 2932
"GET /main.js HTTP/1.1" 404 2935
"GET /styles.css HTTP/1.1" 404 2944
"GET /contact.html?name=dgfb&email=sampsonsyllas55%40gmail.com&message=i+want+you HTTP/1.1" 200 3444
Not Found: /styles.css
"GET /styles.css HTTP/1.1" 404 2944
Not Found: /main.js
Not Found: /api.js
"GET /main.js HTTP/1.1" 404 2935
"GET /api.js HTTP/1.1" 404 2932
"GET /contact.html?name=syllas&email=sampsonsyllas55%40gmail.com&message=i+want+you HTTP/1.1" 200 3444
Not Found: /styles.css
Not Found: /main.js
Not Found: /api.js
"GET /styles.css HTTP/1.1" 404 2944
"GET /main.js HTTP/1.1" 404 2935
"GET /api.js HTTP/1.1" 404 2932
"GET /about.html HTTP/1.1" 200 5705
Not Found: /images/WhatsApp Image 2025-08-19 at 19.13.15_1c50d5d8.jpg
Not Found: /main.js
Not Found: /styles.css
Not Found: /images/WhatsApp Image 2025-07-02 at 12.43.09_afa9f7ed.jpg
"GET /images/WhatsApp%20Image%202025-08-19%20at%2019.13.15_1c50d5d8.jpg HTTP/1.1" 404 3093
"GET /main.js HTTP/1.1" 404 2935
"GET /styles.css HTTP/1.1" 404 2944
"GET /images/WhatsApp%20Image%202025-07-02%20at%2012.43.09_afa9f7ed.jpg HTTP/1.1" 404 3093
"GET /gallery.html HTTP/1.1" 200 2324
Not Found: /styles.css
"GET /styles.css HTTP/1.1" 404 2944
Not Found: /images/WhatsApp Image 2025-07-02 at 12.43.14_761c1631.jpg
Not Found: /images/WhatsApp Image 2025-07-02 at 12.43.09_afa9f7ed.jpg
Not Found: /images/IMG-20250819-WA0033.jpg
Not Found: /images/IMG-20250819-WA0035.jpg
"GET /images/WhatsApp%20Image%202025-07-02%20at%2012.43.14_761c1631.jpg HTTP/1.1" 404 3093
"GET /images/WhatsApp%20Image%202025-07-02%20at%2012.43.09_afa9f7ed.jpg HTTP/1.1" 404 3093
"GET /images/IMG-20250819-WA0033.jpg HTTP/1.1" 404 3004
Not Found: /images/IMG-20250819-WA0034.jpg
"GET /images/IMG-20250819-WA0035.jpg HTTP/1.1" 404 3004
"GET /images/IMG-20250819-WA0034.jpg HTTP/1.1" 404 3004
Not Found: /main.js
Not Found: /images/IMG-20250819-WA0032.jpg
"GET /main.js HTTP/1.1" 404 2935
Not Found: /images/IMG-20250819-WA0028.jpg
"GET /images/IMG-20250819-WA0032.jpg HTTP/1.1" 404 3004
"GET /images/IMG-20250819-WA0028.jpg HTTP/1.1" 404 3004
Not Found: /images/IMG-20250819-WA0030.jpg
Not Found: /images/IMG-20250819-WA0027.jpg
Not Found: /images/IMG-20250819-WA0029.jpg
"GET /images/IMG-20250819-WA0030.jpg HTTP/1.1" 404 3004
"GET /images/IMG-20250819-WA0027.jpg HTTP/1.1" 404 3004
"GET /images/IMG-20250819-WA0029.jpg HTTP/1.1" 404 3004
Not Found: /images/IMG-20250819-WA0031.jpg
"GET /images/IMG-20250819-WA0031.jpg HTTP/1.1" 404 3004
"GET /contact.html HTTP/1.1" 200 3444
Not Found: /api.js
"GET /api.js HTTP/1.1" 404 2932
Not Found: /main.js
"GET /main.js HTTP/1.1" 404 2935
Not Found: /styles.css
"GET /styles.css HTTP/1.1" 404 2944
"GET /news.html HTTP/1.1" 200 4705
Not Found: /images/IMG-20250819-WA0027.jpg
Not Found: /images/IMG-20250819-WA0028.jpg
Not Found: /styles.css
"GET /images/IMG-20250819-WA0027.jpg HTTP/1.1" 404 3004
"GET /images/IMG-20250819-WA0028.jpg HTTP/1.1" 404 3004
"GET /styles.css HTTP/1.1" 404 2944
Not Found: /main.js
"GET /main.js HTTP/1.1" 404 2935
"GET /admissions.html HTTP/1.1" 200 5864
Not Found: /styles.css
"GET /styles.css HTTP/1.1" 404 2944
Not Found: /main.js
Not Found: /api.js
"GET /main.js HTTP/1.1" 404 2935
"GET /api.js HTTP/1.1" 404 2932
"GET /index.html HTTP/1.1" 200 4259
Not Found: /images/IMG-20250819-WA0029.jpg
Not Found: /styles.css
"GET /images/IMG-20250819-WA0029.jpg HTTP/1.1" 404 3004
Not Found: /images/IMG-20250819-WA0027.jpg
Not Found: /images/IMG-20250819-WA0028.jpg
"GET /styles.css HTTP/1.1" 404 2944
Not Found: /images/WhatsApp Image 2025-07-01 at 17.12.54_61720a4d.jpg
"GET /images/IMG-20250819-WA0027.jpg HTTP/1.1" 404 3004
"GET /images/IMG-20250819-WA0028.jpg HTTP/1.1" 404 3004
Not Found: /main.js
"GET /images/WhatsApp%20Image%202025-07-01%20at%2017.12.54_61720a4d.jpg HTTP/1.1" 404 3093
"GET /main.js HTTP/1.1" 404 2935
Not Found: /images/IMG-20250819-WA0030.jpg
"GET /images/IMG-20250819-WA0030.jpg HTTP/1.1" 404 3004
Not Found: /images/IMG-20250819-WA0031.jpg
"GET /images/IMG-20250819-WA0031.jpg HTTP/1.1" 404 3004
"GET /contact.html HTTP/1.1" 200 3444
Not Found: /styles.css
Not Found: /api.js
Not Found: /main.js
"GET /styles.css HTTP/1.1" 404 2944
"GET /api.js HTTP/1.1" 404 2932
"GET /main.js HTTP/1.1" 404 2935
"GET /admin/ HTTP/1.1" 302 0
"GET /admin/login/?next=/admin/ HTTP/1.1" 200 4181
"GET /static/admin/css/base.css HTTP/1.1" 304 0
"GET /static/admin/css/nav_sidebar.css HTTP/1.1" 304 0
"GET /static/admin/js/theme.js HTTP/1.1" 304 0
"GET /static/admin/js/nav_sidebar.js HTTP/1.1" 304 0
"GET /static/admin/css/responsive.css HTTP/1.1" 304 0
"GET /static/admin/css/login.css HTTP/1.1" 304 0
"GET /static/admin/css/dark_mode.css HTTP/1.1" 304 0
"POST /admin/login/?next=/admin/ HTTP/1.1" 200 4343
"GET /index.html HTTP/1.1" 200 4259
Not Found: /styles.css
"GET /styles.css HTTP/1.1" 404 2944
Not Found: /images/WhatsApp Image 2025-07-01 at 17.12.54_61720a4d.jpg
Not Found: /images/IMG-20250819-WA0028.jpg
"GET /images/WhatsApp%20Image%202025-07-01%20at%2017.12.54_61720a4d.jpg HTTP/1.1" 404 3093
Not Found: /main.js
"GET /images/IMG-20250819-WA0028.jpg HTTP/1.1" 404 3004
"GET /main.js HTTP/1.1" 404 2935
Not Found: /images/IMG-20250819-WA0029.jpg
Not Found: /images/IMG-20250819-WA0027.jpg
"GET /images/IMG-20250819-WA0029.jpg HTTP/1.1" 404 3004
"GET /images/IMG-20250819-WA0027.jpg HTTP/1.1" 404 3004
Not Found: /images/IMG-20250819-WA0030.jpg
"GET /images/IMG-20250819-WA0030.jpg HTTP/1.1" 404 3004
Not Found: /images/IMG-20250819-WA0031.jpg
"GET /images/IMG-20250819-WA0031.jpg HTTP/1.1" 404 3004
"GET /index.html HTTP/1.1" 200 4259
Not Found: /main.js
Not Found: /styles.css
Not Found: /images/WhatsApp Image 2025-07-01 at 17.12.54_61720a4d.jpg
Not Found: /images/IMG-20250819-WA0029.jpg
"GET /main.js HTTP/1.1" 404 2935
Not Found: /images/IMG-20250819-WA0028.jpg
"GET /styles.css HTTP/1.1" 404 2944
Not Found: /images/IMG-20250819-WA0027.jpg
"GET /images/WhatsApp%20Image%202025-07-01%20at%2017.12.54_61720a4d.jpg HTTP/1.1" 404 3093
"GET /images/IMG-20250819-WA0029.jpg HTTP/1.1" 404 3004
"GET /images/IMG-20250819-WA0028.jpg HTTP/1.1" 404 3004
"GET /images/IMG-20250819-WA0027.jpg HTTP/1.1" 404 3004
Not Found: /images/IMG-20250819-WA0030.jpg
Not Found: /images/IMG-20250819-WA0031.jpg
"GET /images/IMG-20250819-WA0031.jpg HTTP/1.1" 404 3004
"GET /images/IMG-20250819-WA0030.jpg HTTP/1.1" 404 3004
"GET /admissions.html HTTP/1.1" 200 5864
Not Found: /main.js
Not Found: /api.js
Not Found: /styles.css
"GET /main.js HTTP/1.1" 404 2935
"GET /api.js HTTP/1.1" 404 2932
"GET /styles.css HTTP/1.1" 404 2944
"GET /academics.html HTTP/1.1" 200 6285
Not Found: /styles.css
"GET /styles.css HTTP/1.1" 404 2944
Not Found: /main.js
"GET /main.js HTTP/1.1" 404 2935
"GET /news.html HTTP/1.1" 200 4705
Not Found: /images/IMG-20250819-WA0028.jpg
Not Found: /styles.css
Not Found: /images/IMG-20250819-WA0027.jpg
Not Found: /main.js
"GET /styles.css HTTP/1.1" 404 2944
"GET /images/IMG-20250819-WA0028.jpg HTTP/1.1" 404 3004
"GET /images/IMG-20250819-WA0027.jpg HTTP/1.1" 404 3004
"GET /main.js HTTP/1.1" 404 2935
"GET /gallery.html HTTP/1.1" 200 2324
Not Found: /styles.css
Not Found: /images/IMG-20250819-WA0035.jpg
"GET /images/IMG-20250819-WA0035.jpg HTTP/1.1" 404 3004
"GET /styles.css HTTP/1.1" 404 2944
Not Found: /images/IMG-20250819-WA0033.jpg
Not Found: /images/WhatsApp Image 2025-07-02 at 12.43.09_afa9f7ed.jpg
- Broken pipe from ('127.0.0.1', 63869)
"GET /images/IMG-20250819-WA0033.jpg HTTP/1.1" 404 3004
Not Found: /images/WhatsApp Image 2025-07-02 at 12.43.14_761c1631.jpg
Not Found: /images/IMG-20250819-WA0034.jpg
"GET /images/WhatsApp%20Image%202025-07-02%20at%2012.43.09_afa9f7ed.jpg HTTP/1.1" 404 3093
"GET /images/IMG-20250819-WA0034.jpg HTTP/1.1" 404 3004
"GET /images/WhatsApp%20Image%202025-07-02%20at%2012.43.14_761c1631.jpg HTTP/1.1" 404 3093
Not Found: /images/IMG-20250819-WA0032.jpg
Not Found: /main.js
Not Found: /images/IMG-20250819-WA0031.jpg
"GET /images/IMG-20250819-WA0032.jpg HTTP/1.1" 404 3004
"GET /main.js HTTP/1.1" 404 2935
Not Found: /images/IMG-20250819-WA0028.jpg
"GET /images/IMG-20250819-WA0031.jpg HTTP/1.1" 404 3004
"GET /images/IMG-20250819-WA0028.jpg HTTP/1.1" 404 3004
Not Found: /images/IMG-20250819-WA0027.jpg
"GET /images/IMG-20250819-WA0027.jpg HTTP/1.1" 404 3004
Not Found: /images/IMG-20250819-WA0029.jpg
Not Found: /images/IMG-20250819-WA0030.jpg
"GET /images/IMG-20250819-WA0029.jpg HTTP/1.1" 404 3004
"GET /images/IMG-20250819-WA0030.jpg HTTP/1.1" 404 3004
"GET /contact.html HTTP/1.1" 200 3444
Not Found: /styles.css
"GET /styles.css HTTP/1.1" 404 2944
Not Found: /api.js
Not Found: /main.js
"GET /main.js HTTP/1.1" 404 2935
"GET /api.js HTTP/1.1" 404 2932
"GET /about.html HTTP/1.1" 200 5705
Not Found: /images/WhatsApp Image 2025-07-02 at 12.43.09_afa9f7ed.jpg
"GET /images/WhatsApp%20Image%202025-07-02%20at%2012.43.09_afa9f7ed.jpg HTTP/1.1" 404 3093
Not Found: /main.js
Not Found: /images/WhatsApp Image 2025-08-19 at 19.13.15_1c50d5d8.jpg
Not Found: /styles.css
"GET /main.js HTTP/1.1" 404 2935
"GET /images/WhatsApp%20Image%202025-08-19%20at%2019.13.15_1c50d5d8.jpg HTTP/1.1" 404 3093
"GET /styles.css HTTP/1.1" 404 2944
C:\Users\HP\Desktop\copy LORD'S HEART EDUCATIONAL COMPLEX - Copy\school_management\views.py changed, reloading.
Watching for file changes with StatReloader
C:\Users\HP\Desktop\copy LORD'S HEART EDUCATIONAL COMPLEX - Copy\school_management\views.py changed, reloading.
Watching for file changes with StatReloader
C:\Users\HP\Desktop\copy LORD'S HEART EDUCATIONAL COMPLEX - Copy\school_management\views.py changed, reloading.
Watching for file changes with StatReloader
"GET /about.html HTTP/1.1" 200 5737
"GET /static/main.js HTTP/1.1" 200 1076
"GET /static/styles.css HTTP/1.1" 200 7621
"GET /static/images/WhatsApp%20Image%202025-07-02%20at%2012.43.09_afa9f7ed.jpg HTTP/1.1" 200 118820
"GET /static/images/WhatsApp%20Image%202025-08-19%20at%2019.13.15_1c50d5d8.jpg HTTP/1.1" 200 85050
"GET /index.html HTTP/1.1" 200 4339
"GET /static/images/WhatsApp%20Image%202025-07-01%20at%2017.12.54_61720a4d.jpg HTTP/1.1" 200 67227
"GET /static/images/IMG-20250819-WA0029.jpg HTTP/1.1" 200 178178
"GET /static/images/IMG-20250819-WA0028.jpg HTTP/1.1" 200 185807
"GET /static/images/IMG-20250819-WA0027.jpg HTTP/1.1" 200 202025
"GET /static/images/IMG-20250819-WA0030.jpg HTTP/1.1" 200 173032
"GET /static/images/IMG-20250819-WA0031.jpg HTTP/1.1" 200 159070
"GET /contact.html HTTP/1.1" 200 3468
"GET /static/api.js HTTP/1.1" 200 6960
"OPTIONS /api/contact/ HTTP/1.1" 200 0
Bad Request: /api/contact/
"POST /api/contact/ HTTP/1.1" 400 60
"GET /contact.html HTTP/1.1" 200 3468
"GET /about.html HTTP/1.1" 200 5737
"GET /contact.html HTTP/1.1" 200 3468
C:\Users\HP\Desktop\copy LORD'S HEART EDUCATIONAL COMPLEX - Copy\users\models.py changed, reloading.
Watching for file changes with StatReloader
Watching for file changes with StatReloader
C:\Users\HP\Desktop\copy LORD'S HEART EDUCATIONAL COMPLEX - Copy\users\models.py changed, reloading.
C:\Users\HP\Desktop\copy LORD'S HEART EDUCATIONAL COMPLEX - Copy\users\models.py changed, reloading.
Watching for file changes with StatReloader
Watching for file changes with StatReloader
"POST /admin/login/?next=/admin/ HTTP/1.1" 302 0
"GET /admin/ HTTP/1.1" 200 7664
"GET /static/admin/css/dashboard.css HTTP/1.1" 200 441
"GET /static/admin/css/nav_sidebar.css HTTP/1.1" 200 2694
"GET /static/admin/css/responsive.css HTTP/1.1" 200 18533
"GET /static/admin/css/dark_mode.css HTTP/1.1" 200 2929
"GET /static/admin/css/base.css HTTP/1.1" 200 21207
"GET /static/admin/js/theme.js HTTP/1.1" 200 1943
"GET /static/admin/js/nav_sidebar.js HTTP/1.1" 200 3063
"GET /static/admin/img/icon-changelink.svg HTTP/1.1" 200 380
"GET /static/admin/img/icon-addlink.svg HTTP/1.1" 200 331
Bad Request: /api/contact/
"POST /api/contact/ HTTP/1.1" 400 60
"POST /api/admissions/ HTTP/1.1" 201 1002
"GET /admin/ HTTP/1.1" 200 7664
"GET /static/admin/css/base.css HTTP/1.1" 304 0
"GET /static/admin/css/nav_sidebar.css HTTP/1.1" 304 0
"GET /static/admin/css/dark_mode.css HTTP/1.1" 304 0
"GET /static/admin/css/dashboard.css HTTP/1.1" 304 0
"GET /static/admin/css/responsive.css HTTP/1.1" 304 0
"GET /static/admin/js/theme.js HTTP/1.1" 304 0
"GET /static/admin/js/nav_sidebar.js HTTP/1.1" 304 0
"GET /static/admin/img/icon-changelink.svg HTTP/1.1" 304 0
"GET /static/admin/img/icon-addlink.svg HTTP/1.1" 304 0
"GET /admin/admissions/admissionapplication/ HTTP/1.1" 200 14571
"GET /static/admin/css/changelists.css HTTP/1.1" 200 6566
"GET /static/admin/js/actions.js HTTP/1.1" 200 7872
"GET /static/admin/js/jquery.init.js HTTP/1.1" 200 347
"GET /static/admin/js/core.js HTTP/1.1" 200 5682
"GET /static/admin/js/urlify.js HTTP/1.1" 200 7887
"GET /static/admin/js/prepopulate.js HTTP/1.1" 200 1531
"GET /static/admin/js/admin/RelatedObjectLookups.js HTTP/1.1" 200 8943
"GET /admin/jsi18n/ HTTP/1.1" 200 3343
"GET /static/admin/img/search.svg HTTP/1.1" 200 458
"GET /static/admin/js/vendor/jquery/jquery.js HTTP/1.1" 200 292458
"GET /static/admin/js/filters.js HTTP/1.1" 200 978
"GET /static/admin/js/vendor/xregexp/xregexp.js HTTP/1.1" 200 232381
"GET /static/admin/img/tooltag-add.svg HTTP/1.1" 200 331
"GET /static/admin/img/sorting-icons.svg HTTP/1.1" 200 1097
"GET /admin/contact/contactmessage/ HTTP/1.1" 200 10207
"GET /admin/jsi18n/ HTTP/1.1" 200 3343
"POST /api/contact/ HTTP/1.1" 201 312
Bad Request: /api/contact/
"POST /api/contact/ HTTP/1.1" 400 60
"GET /contact.html HTTP/1.1" 200 3485
"GET /static/api.js HTTP/1.1" 304 0
Bad Request: /api/contact/
"POST /api/contact/ HTTP/1.1" 400 60
"GET /contact.html HTTP/1.1" 200 3485
Bad Request: /api/contact/
"POST /api/contact/ HTTP/1.1" 400 60
"GET /admin/contact/contactmessage/ HTTP/1.1" 200 13103
"GET /static/admin/css/base.css HTTP/1.1" 304 0
"GET /static/admin/css/dark_mode.css HTTP/1.1" 304 0
"GET /static/admin/css/responsive.css HTTP/1.1" 304 0
"GET /static/admin/js/vendor/jquery/jquery.js HTTP/1.1" 304 0
"GET /static/admin/js/jquery.init.js HTTP/1.1" 304 0
"GET /static/admin/css/nav_sidebar.css HTTP/1.1" 304 0
"GET /static/admin/css/changelists.css HTTP/1.1" 304 0
"GET /static/admin/js/core.js HTTP/1.1" 304 0
"GET /static/admin/js/urlify.js HTTP/1.1" 304 0
"GET /static/admin/js/admin/RelatedObjectLookups.js HTTP/1.1" 304 0
"GET /static/admin/js/vendor/xregexp/xregexp.js HTTP/1.1" 304 0
"GET /static/admin/js/prepopulate.js HTTP/1.1" 304 0
"GET /static/admin/js/actions.js HTTP/1.1" 304 0
"GET /admin/jsi18n/ HTTP/1.1" 200 3343
"GET /static/admin/img/search.svg HTTP/1.1" 304 0
"GET /static/admin/js/theme.js HTTP/1.1" 304 0
"GET /static/admin/js/nav_sidebar.js HTTP/1.1" 304 0
"GET /static/admin/js/filters.js HTTP/1.1" 304 0
"GET /static/admin/img/icon-addlink.svg HTTP/1.1" 304 0
"GET /static/admin/img/sorting-icons.svg HTTP/1.1" 304 0
"GET /admin/contact/contactmessage/ HTTP/1.1" 200 13103
"GET /admin/jsi18n/ HTTP/1.1" 200 3343
"GET / HTTP/1.1" 200 4339
"GET /admin/contact/contactmessage/ HTTP/1.1" 200 13103
"GET /admin/admissions/admissionapplication/add/ HTTP/1.1" 200 34368
"GET /static/admin/js/collapse.js HTTP/1.1" 200 1803
"GET /admin/jsi18n/ HTTP/1.1" 200 3343
"GET /static/admin/css/forms.css HTTP/1.1" 200 9047
"GET /static/admin/img/icon-deletelink.svg HTTP/1.1" 200 392
"GET /static/admin/img/icon-changelink.svg HTTP/1.1" 304 0
"GET /static/admin/js/calendar.js HTTP/1.1" 200 8466
"GET /static/admin/js/admin/DateTimeShortcuts.js HTTP/1.1" 200 19319
"GET /static/admin/css/widgets.css HTTP/1.1" 200 11900
"GET /static/admin/img/icon-viewlink.svg HTTP/1.1" 200 581
"GET /static/admin/js/prepopulate_init.js HTTP/1.1" 200 586
"GET /static/admin/js/change_form.js HTTP/1.1" 200 606
"GET /static/admin/img/icon-clock.svg HTTP/1.1" 200 677
"GET /static/admin/img/icon-calendar.svg HTTP/1.1" 200 1086
Bad Request: /api/contact/
"POST /api/contact/ HTTP/1.1" 400 60
"GET /index.html HTTP/1.1" 200 4339
"GET /index.html HTTP/1.1" 200 4339
"GET /contact.html HTTP/1.1" 200 3485
"GET /about.html HTTP/1.1" 200 5737
"GET /admin/admissions/admissionapplication/ HTTP/1.1" 200 14571
"GET /static/admin/js/vendor/jquery/jquery.js HTTP/1.1" 304 0
"GET /static/admin/css/dark_mode.css HTTP/1.1" 304 0
"GET /static/admin/css/changelists.css HTTP/1.1" 304 0
"GET /static/admin/css/nav_sidebar.css HTTP/1.1" 304 0
"GET /static/admin/css/base.css HTTP/1.1" 304 0
"GET /static/admin/js/jquery.init.js HTTP/1.1" 304 0
"GET /static/admin/js/actions.js HTTP/1.1" 304 0
"GET /static/admin/css/responsive.css HTTP/1.1" 304 0
"GET /static/admin/js/core.js HTTP/1.1" 304 0
"GET /static/admin/js/admin/RelatedObjectLookups.js HTTP/1.1" 304 0
"GET /static/admin/js/urlify.js HTTP/1.1" 304 0
"GET /static/admin/js/prepopulate.js HTTP/1.1" 304 0
"GET /admin/jsi18n/ HTTP/1.1" 200 3343
"GET /static/admin/img/search.svg HTTP/1.1" 304 0
"GET /static/admin/js/vendor/xregexp/xregexp.js HTTP/1.1" 304 0
"GET /static/admin/js/theme.js HTTP/1.1" 304 0
"GET /static/admin/js/nav_sidebar.js HTTP/1.1" 304 0
"GET /static/admin/js/filters.js HTTP/1.1" 304 0
"GET /static/admin/img/tooltag-add.svg HTTP/1.1" 304 0
"POST /admin/admissions/admissionapplication/ HTTP/1.1" 302 0
"GET /admin/admissions/admissionapplication/ HTTP/1.1" 200 14714
"GET /admin/jsi18n/ HTTP/1.1" 200 3343
"GET /static/admin/img/icon-yes.svg HTTP/1.1" 200 436
"GET /admin/admissions/admissionapplication/ HTTP/1.1" 200 14572
"GET /admin/admissions/admissionapplication/add/ HTTP/1.1" 200 34368
"GET /admin/contact/contactmessage/ HTTP/1.1" 200 13103
"GET /admin/admissions/admissionapplication/ HTTP/1.1" 200 14572
"GET /admin/ HTTP/1.1" 200 7664
"GET /admin/ HTTP/1.1" 200 7664
Forbidden (CSRF token from POST incorrect.): /admin/login/
"POST /admin/login/?next=/admin/ HTTP/1.1" 403 2518
"GET /admin/ HTTP/1.1" 200 7664
"GET /static/admin/css/dashboard.css HTTP/1.1" 304 0
"GET /static/admin/img/icon-addlink.svg HTTP/1.1" 304 0
"GET /static/admin/img/icon-changelink.svg HTTP/1.1" 304 0
"POST /admin/logout/ HTTP/1.1" 200 3576
"GET /admin/ HTTP/1.1" 302 0
"GET /admin/login/?next=/admin/ HTTP/1.1" 200 4181
"GET /static/admin/css/login.css HTTP/1.1" 200 958
C:\Users\HP\Desktop\copy LORD'S HEART EDUCATIONAL COMPLEX - Copy\school_management\settings.py changed, reloading.
C:\Users\HP\Desktop\copy LORD'S HEART EDUCATIONAL COMPLEX - Copy\school_management\settings.py changed, reloading.
Watching for file changes with StatReloader
Watching for file changes with StatReloader
Watching for file changes with StatReloader
"GET / HTTP/1.1" 200 4339
"GET /static/styles.css HTTP/1.1" 304 0
"GET /static/images/IMG-20250819-WA0027.jpg HTTP/1.1" 304 0
"GET /static/images/IMG-20250819-WA0031.jpg HTTP/1.1" 304 0
"GET /static/images/IMG-20250819-WA0030.jpg HTTP/1.1" 304 0
"GET /static/images/IMG-20250819-WA0028.jpg HTTP/1.1" 304 0
"GET /static/images/IMG-20250819-WA0029.jpg HTTP/1.1" 304 0
Not Found: /favicon.ico
"GET /favicon.ico HTTP/1.1" 404 2947
"GET /contact.html HTTP/1.1" 200 3485
"GET /static/api.js HTTP/1.1" 304 0
"OPTIONS /api/contact/ HTTP/1.1" 200 0
Bad Request: /api/contact/
"POST /api/contact/ HTTP/1.1" 400 60
"GET /admin/ HTTP/1.1" 302 0
"GET /admin/login/?next=/admin/ HTTP/1.1" 200 4181
"GET /static/admin/css/dark_mode.css HTTP/1.1" 200 2929
"GET /static/admin/css/base.css HTTP/1.1" 200 21207
"GET /static/admin/css/login.css HTTP/1.1" 200 958
"GET /static/admin/css/nav_sidebar.css HTTP/1.1" 200 2694
"GET /static/admin/css/responsive.css HTTP/1.1" 200 18533
"GET /static/admin/js/theme.js HTTP/1.1" 200 1943
"GET /static/admin/js/nav_sidebar.js HTTP/1.1" 200 3063
Not Found: /favicon.ico
"GET /favicon.ico HTTP/1.1" 404 2947
"POST /admin/login/?next=/admin/ HTTP/1.1" 302 0
"GET /admin/ HTTP/1.1" 200 7663
"GET /static/admin/img/icon-addlink.svg HTTP/1.1" 200 331
"GET /static/admin/img/icon-changelink.svg HTTP/1.1" 200 380
"GET /static/admin/css/dashboard.css HTTP/1.1" 200 441
"GET /admin/admissions/admissionapplication/ HTTP/1.1" 200 14571
"GET /static/admin/js/jquery.init.js HTTP/1.1" 200 347
"GET /static/admin/js/core.js HTTP/1.1" 200 5682
"GET /static/admin/js/admin/RelatedObjectLookups.js HTTP/1.1" 200 8943
"GET /static/admin/css/changelists.css HTTP/1.1" 200 6566
"GET /static/admin/js/prepopulate.js HTTP/1.1" 200 1531
"GET /static/admin/js/urlify.js HTTP/1.1" 200 7887
"GET /static/admin/js/actions.js HTTP/1.1" 200 7872
"GET /static/admin/js/vendor/jquery/jquery.js HTTP/1.1" 200 292458
"GET /admin/jsi18n/ HTTP/1.1" 200 3343
"GET /static/admin/img/search.svg HTTP/1.1" 200 458
"GET /static/admin/js/filters.js HTTP/1.1" 200 978
"GET /static/admin/js/vendor/xregexp/xregexp.js HTTP/1.1" 200 232381
"GET /static/admin/img/tooltag-add.svg HTTP/1.1" 200 331
"GET /static/admin/img/sorting-icons.svg HTTP/1.1" 200 1097
"GET /admin/ HTTP/1.1" 200 7663
"GET /admin/login/?next=/admin/ HTTP/1.1" 302 0
"GET /admin/ HTTP/1.1" 200 7663
"GET /admin/ HTTP/1.1" 200 7663
"GET /contact.html HTTP/1.1" 200 3665
"GET /admin/ HTTP/1.1" 200 7663
"GET /admin/ HTTP/1.1" 200 7663
"GET /static/admin/css/base.css HTTP/1.1" 304 0
"GET /static/admin/css/dark_mode.css HTTP/1.1" 304 0
"GET /static/admin/css/dashboard.css HTTP/1.1" 304 0
"GET /static/admin/css/nav_sidebar.css HTTP/1.1" 304 0
"GET /static/admin/css/responsive.css HTTP/1.1" 304 0
"GET /static/admin/js/theme.js HTTP/1.1" 304 0
"GET /static/admin/js/nav_sidebar.js HTTP/1.1" 304 0
"GET /static/admin/img/icon-addlink.svg HTTP/1.1" 304 0
"GET /static/admin/img/icon-changelink.svg HTTP/1.1" 304 0
"GET /admin/auth/user/add/ HTTP/1.1" 200 23260
"GET /static/admin/js/prepopulate_init.js HTTP/1.1" 200 586
"GET /admin/jsi18n/ HTTP/1.1" 200 3343
"GET /static/admin/css/forms.css HTTP/1.1" 200 9047
"GET /static/admin/js/admin/DateTimeShortcuts.js HTTP/1.1" 200 19319
"GET /static/admin/js/calendar.js HTTP/1.1" 200 8466
"GET /static/admin/js/vendor/jquery/jquery.js HTTP/1.1" 304 0
"GET /static/admin/js/jquery.init.js HTTP/1.1" 304 0
"GET /static/admin/js/core.js HTTP/1.1" 304 0
"GET /static/admin/js/urlify.js HTTP/1.1" 304 0
"GET /static/admin/js/prepopulate.js HTTP/1.1" 304 0
"GET /static/admin/js/inlines.js HTTP/1.1" 200 15526
"GET /static/admin/js/actions.js HTTP/1.1" 304 0
"GET /static/admin/js/admin/RelatedObjectLookups.js HTTP/1.1" 304 0
"GET /static/admin/js/vendor/xregexp/xregexp.js HTTP/1.1" 304 0
"GET /static/admin/css/widgets.css HTTP/1.1" 200 11900
"GET /static/admin/js/change_form.js HTTP/1.1" 200 606
"GET /static/admin/img/inline-delete.svg HTTP/1.1" 200 560
"GET /static/admin/img/icon-calendar.svg HTTP/1.1" 200 1086
"GET /admin/contact/contactmessage/ HTTP/1.1" 200 13102
"GET /static/admin/css/changelists.css HTTP/1.1" 304 0
"GET /static/admin/img/search.svg HTTP/1.1" 304 0
"GET /admin/jsi18n/ HTTP/1.1" 200 3343
"GET /static/admin/js/filters.js HTTP/1.1" 304 0
"GET /static/admin/img/sorting-icons.svg HTTP/1.1" 304 0
"GET /admin/auth/user/add/ HTTP/1.1" 200 23260
"GET /admin/ HTTP/1.1" 200 7663
"GET /admin/auth/user/add/ HTTP/1.1" 200 23260
"GET /contact.html HTTP/1.1" 200 3665
"GET /static/api.js HTTP/1.1" 304 0
"POST /api/contact/ HTTP/1.1" 201 374
"GET /admin/ HTTP/1.1" 200 7663
"GET /static/admin/css/base.css HTTP/1.1" 304 0
"GET /static/admin/js/theme.js HTTP/1.1" 304 0
"GET /static/admin/js/nav_sidebar.js HTTP/1.1" 304 0
"GET /static/admin/css/dark_mode.css HTTP/1.1" 304 0
"GET /static/admin/css/dashboard.css HTTP/1.1" 304 0
"GET /static/admin/css/responsive.css HTTP/1.1" 304 0
"GET /static/admin/css/nav_sidebar.css HTTP/1.1" 304 0
"GET /static/admin/img/icon-addlink.svg HTTP/1.1" 304 0
"GET /static/admin/img/icon-changelink.svg HTTP/1.1" 304 0
"GET /admin/contact/contactmessage/ HTTP/1.1" 200 13781
"GET /admin/jsi18n/ HTTP/1.1" 200 3343
"GET /admin/admissions/admissionapplication/ HTTP/1.1" 200 14571
"GET /admin/jsi18n/ HTTP/1.1" 200 3343
"GET /static/admin/img/tooltag-add.svg HTTP/1.1" 304 0
"GET / HTTP/1.1" 200 4519
"GET /static/styles.css HTTP/1.1" 200 7621
"GET /static/images/WhatsApp%20Image%202025-07-01%20at%2017.12.54_61720a4d.jpg HTTP/1.1" 200 67227
"GET /static/images/IMG-20250819-WA0027.jpg HTTP/1.1" 200 202025
"GET /static/images/IMG-20250819-WA0028.jpg HTTP/1.1" 200 185807
"GET /static/main.js HTTP/1.1" 200 1076
"GET /static/images/IMG-20250819-WA0029.jpg HTTP/1.1" 200 178178
"GET /static/images/IMG-20250819-WA0030.jpg HTTP/1.1" 200 173032
"GET /static/images/IMG-20250819-WA0031.jpg HTTP/1.1" 200 159070
"GET /admin/ HTTP/1.1" 200 7663
"GET /admin/ HTTP/1.1" 200 7663
"POST /admin/logout/ HTTP/1.1" 200 3576
"GET /admin/ HTTP/1.1" 302 0
"GET /admin/login/?next=/admin/ HTTP/1.1" 200 4181
"GET /static/admin/css/login.css HTTP/1.1" 304 0
"GET /admin/ HTTP/1.1" 302 0
"GET /admin/login/?next=/admin/ HTTP/1.1" 200 4181
"GET /admissions.html HTTP/1.1" 200 6068
"GET /static/api.js HTTP/1.1" 200 6960
Not Found: /[FORM DOWNLOAD LINK]
"GET /[FORM%20DOWNLOAD%20LINK] HTTP/1.1" 404 2982
"GET /index.html HTTP/1.1" 200 4519
"GET /admissions.html HTTP/1.1" 200 6068
"GET /admin/admissions/admissionapplication/ HTTP/1.1" 302 0
"GET /admin/login/?next=/admin/admissions/admissionapplication/ HTTP/1.1" 200 4245
"POST /admin/login/?next=/admin/admissions/admissionapplication/ HTTP/1.1" 302 0
"GET /admin/admissions/admissionapplication/ HTTP/1.1" 200 14571
"GET /admin/jsi18n/ HTTP/1.1" 200 3343
"GET /admin/admissions/admissionapplication/ HTTP/1.1" 200 14571
"GET /admin/jsi18n/ HTTP/1.1" 200 3343
"GET /admin/contact/contactmessage/ HTTP/1.1" 200 13781
"GET /admin/jsi18n/ HTTP/1.1" 200 3343
"GET /admin/admissions/admissionapplication/ HTTP/1.1" 200 14571
"GET /admin/jsi18n/ HTTP/1.1" 200 3343
"GET /admin/admissions/admissionapplication/?o=6 HTTP/1.1" 200 14786
"GET /admin/jsi18n/ HTTP/1.1" 200 3343
"GET /about.html HTTP/1.1" 200 5917
"GET /static/images/WhatsApp%20Image%202025-08-19%20at%2019.13.15_1c50d5d8.jpg HTTP/1.1" 304 0
"GET /contact.html HTTP/1.1" 200 3665
"GET /static/styles.css HTTP/1.1" 304 0
"GET /contact.html HTTP/1.1" 200 5887
"GET /index.html HTTP/1.1" 200 6661
"GET /contact.html HTTP/1.1" 200 5887
"GET /contact.html HTTP/1.1" 200 5887
"GET /contact.html HTTP/1.1" 200 5887
"GET /contact.html HTTP/1.1" 200 5887
"GET /index.html HTTP/1.1" 200 6661
"GET /index.html HTTP/1.1" 200 4519
"GET /admin/ HTTP/1.1" 200 7663
"GET /contact.html HTTP/1.1" 200 3665
"OPTIONS /api/contact/ HTTP/1.1" 200 0
"POST /api/contact/ HTTP/1.1" 201 369
Watching for file changes with StatReloader
"GET / HTTP/1.1" 200 4339
"GET /contact.html HTTP/1.1" 200 3485
Bad Request: /api/contact/
"POST /api/contact/ HTTP/1.1" 400 60
"POST /admin/login/?next=/admin/ HTTP/1.1" 302 0
"GET /admin/ HTTP/1.1" 200 7663
"GET /static/admin/css/dashboard.css HTTP/1.1" 304 0
"GET /static/admin/img/icon-changelink.svg HTTP/1.1" 304 0
"GET /static/admin/img/icon-addlink.svg HTTP/1.1" 304 0
Bad Request: /api/contact/
"POST /api/contact/ HTTP/1.1" 400 60
Bad Request: /api/contact/
"POST /api/contact/ HTTP/1.1" 400 60
"GET / HTTP/1.1" 200 4339
"GET / HTTP/1.1" 200 4339
"GET / HTTP/1.1" 200 4339
"GET / HTTP/1.1" 200 4339
"GET / HTTP/1.1" 200 4339
Watching for file changes with StatReloader
Watching for file changes with StatReloader
Watching for file changes with StatReloader
"GET / HTTP/1.1" 200 4339
"GET /admissions.html HTTP/1.1" 200 5888
Not Found: /[FORM DOWNLOAD LINK]
"GET /[FORM%20DOWNLOAD%20LINK] HTTP/1.1" 404 2982
"GET /contact.html HTTP/1.1" 200 3485
Bad Request: /api/contact/
"POST /api/contact/ HTTP/1.1" 400 60
Watching for file changes with StatReloader
Forbidden: /api/contact/
"GET /api/contact/ HTTP/1.1" 403 58
"POST /api/contact/ HTTP/1.1" 201 345
Watching for file changes with StatReloader
"POST /api/contact/ HTTP/1.1" 201 286
Bad Request: /api/contact/
"POST /api/contact/ HTTP/1.1" 400 153
"POST /api/contact/ HTTP/1.1" 201 394
"GET / HTTP/1.1" 200 4339
"GET /static/styles.css HTTP/1.1" 304 0
"GET /contact.html HTTP/1.1" 200 7443
"POST /api/contact/ HTTP/1.1" 201 383
"OPTIONS /api/contact/ HTTP/1.1" 200 0
"POST /api/contact/ HTTP/1.1" 201 383
"GET /admin/contact/contactmessage/ HTTP/1.1" 302 0
"GET /admin/login/?next=/admin/contact/contactmessage/ HTTP/1.1" 200 4227
"GET /admin/contact/contactmessage/ HTTP/1.1" 302 0
"GET /admin/login/?next=/admin/contact/contactmessage/ HTTP/1.1" 200 4227
"GET / HTTP/1.1" 200 4339
"GET / HTTP/1.1" 200 4482
"GET /contact.html HTTP/1.1" 200 7586
"GET /admissions.html HTTP/1.1" 200 6031
"POST /api/admissions/ HTTP/1.1" 201 999
"GET /contact.html HTTP/1.1" 200 7586
"POST /api/contact/ HTTP/1.1" 201 383
"POST /api/contact/ HTTP/1.1" 201 384
"GET /admin/ HTTP/1.1" 302 0
"GET /admin/login/?next=/admin/ HTTP/1.1" 200 4181
"GET /static/admin/css/dark_mode.css HTTP/1.1" 304 0
"GET /static/admin/js/theme.js HTTP/1.1" 304 0
"GET /static/admin/js/nav_sidebar.js HTTP/1.1" 304 0
"GET /static/admin/css/nav_sidebar.css HTTP/1.1" 304 0
"GET /static/admin/css/base.css HTTP/1.1" 304 0
"GET /static/admin/css/responsive.css HTTP/1.1" 304 0
"GET /static/admin/css/login.css HTTP/1.1" 304 0
"POST /admin/login/?next=/admin/ HTTP/1.1" 302 0
"GET /admin/ HTTP/1.1" 200 7663
"GET /static/admin/css/dashboard.css HTTP/1.1" 304 0
"GET /static/admin/img/icon-changelink.svg HTTP/1.1" 304 0
"GET /static/admin/img/icon-addlink.svg HTTP/1.1" 304 0
"GET /admin/contact/contactmessage/ HTTP/1.1" 200 19376
"GET /static/admin/js/jquery.init.js HTTP/1.1" 304 0
"GET /static/admin/js/vendor/jquery/jquery.js HTTP/1.1" 304 0
"GET /static/admin/js/prepopulate.js HTTP/1.1" 304 0
"GET /static/admin/js/actions.js HTTP/1.1" 304 0
"GET /static/admin/css/changelists.css HTTP/1.1" 304 0
"GET /static/admin/js/urlify.js HTTP/1.1" 304 0
"GET /static/admin/js/vendor/xregexp/xregexp.js HTTP/1.1" 304 0
"GET /static/admin/img/search.svg HTTP/1.1" 304 0
"GET /static/admin/js/core.js HTTP/1.1" 304 0
"GET /static/admin/js/admin/RelatedObjectLookups.js HTTP/1.1" 304 0
"GET /static/admin/js/filters.js HTTP/1.1" 304 0
"GET /admin/jsi18n/ HTTP/1.1" 200 3343
"GET /static/admin/img/sorting-icons.svg HTTP/1.1" 304 0
"GET /admin/admissions/admissionapplication/ HTTP/1.1" 200 15235
"GET /admin/jsi18n/ HTTP/1.1" 200 3343
"GET /static/admin/img/tooltag-add.svg HTTP/1.1" 304 0
"POST /admin/admissions/admissionapplication/ HTTP/1.1" 302 0
"GET /admin/admissions/admissionapplication/ HTTP/1.1" 200 15378
"GET /admin/jsi18n/ HTTP/1.1" 200 3343
"GET /static/admin/img/icon-yes.svg HTTP/1.1" 304 0
"GET /index.html HTTP/1.1" 200 4482
"GET /academics.html HTTP/1.1" 200 6444
"GET /news.html HTTP/1.1" 200 4880
"GET /gallery.html HTTP/1.1" 200 2571
"GET /static/images/IMG-20250819-WA0033.jpg HTTP/1.1" 200 190696
"GET /static/images/IMG-20250819-WA0034.jpg HTTP/1.1" 200 183554
"GET /static/images/WhatsApp%20Image%202025-07-02%20at%2012.43.14_761c1631.jpg HTTP/1.1" 200 138961
"GET /static/images/IMG-20250819-WA0032.jpg HTTP/1.1" 200 190129
"GET /static/images/IMG-20250819-WA0035.jpg HTTP/1.1" 200 188091
"GET /about.html HTTP/1.1" 200 5880
